[DribblingDemo] Starting RRT + Trapezoidal Trajectory Dribbling Demo...
[est::StateEstimator::StateEstimator]
[hw::HardwareManager::HardwareManager]
[hw::MotorDriver::MotorDriver]
[hw::GyroDriver::GyroDriver]
[rob::RobotManager::RobotManager]

Demo Instructions:
1. Robot starts at (-2.0, -1.5)
2. Ball is positioned at (0.0, 0.0)
3. Target is at (2.0, 1.5)
4. Robot uses RRT to plan path to ball
5. Robot approaches ball and starts dribbling
6. Robot uses RRT to plan path to target while dribbling
7. Robot dribbles ball to target
8. Press ESC to exit

[DribblingDemo] Planning RRT path from robot to ball...
[RRT] Starting path planning from (-2000, -1500) to (0, 0)
[RRT] Goal reached! Distance: 127.262mm, Iterations: 12
[RRT] Path smoothed from 14 to 7 waypoints
[DribblingDemo] ✅ Found RRT path with 7 waypoints
[rob::RobotManager::SetPath]   -2 -1.5    0 -> -1.70839 -1.22914        0 -> -0.889048  -0.65896         0 -> -0.702052 -0.588021         0 -> -0.398255 -0.327852         0 ->  -0.21573 -0.246091         0 -> 0 0 0
[ctrl::TrajectoryManager::CreateTrajectoriesFromPath] Added new traj 1
[ctrl::Trajectory3D::IsFeasible] h: 0.291608 0.270865        0. v0: 0 0 0. T: 4
[ctrl::TrapezoidalTrajectoryVi3D::TrapezoidalTrajectoryVi3D] v_cruise: 0.0757729 0.0701788         0
[ctrl::TrapezoidalTrajectoryVi3D::TrapezoidalTrajectoryVi3D] t_a: 0.151546 0.140358        0
[ctrl::TrapezoidalTrajectoryVi3D::TrapezoidalTrajectoryVi3D] t_d: 0.151546 0.140358        0
[ctrl::TrapezoidalTrajectoryVi3D::TrapezoidalTrajectoryVi3D] T: 4
[ctrl::TrajectoryManager::CreateTrajectoriesFromPath] Added new traj 2
[ctrl::Trajectory3D::IsFeasible] h: 0.819343 0.570175        0. v0: 0 0 0. T: 4
[ctrl::TrapezoidalTrajectoryVi3D::TrapezoidalTrajectoryVi3D] v_cruise: 0.231672 0.154475        0
[ctrl::TrapezoidalTrajectoryVi3D::TrapezoidalTrajectoryVi3D] t_a: 0.463343  0.30895        0
[ctrl::TrapezoidalTrajectoryVi3D::TrapezoidalTrajectoryVi3D] t_d: 0.463343  0.30895        0
[ctrl::TrapezoidalTrajectoryVi3D::TrapezoidalTrajectoryVi3D] T: 4
[ctrl::TrajectoryManager::CreateTrajectoriesFromPath] Added new traj 3
[ctrl::Trajectory3D::IsFeasible] h:  0.186996 0.0709391         0. v0: 0 0 0. T: 4
[ctrl::TrapezoidalTrajectoryVi3D::TrapezoidalTrajectoryVi3D] v_cruise: 0.0478961 0.0178949         0
[ctrl::TrapezoidalTrajectoryVi3D::TrapezoidalTrajectoryVi3D] t_a: 0.0957922 0.0357898         0
[ctrl::TrapezoidalTrajectoryVi3D::TrapezoidalTrajectoryVi3D] t_d: 0.0957922 0.0357898         0
[ctrl::TrapezoidalTrajectoryVi3D::TrapezoidalTrajectoryVi3D] T: 4
[ctrl::TrajectoryManager::CreateTrajectoriesFromPath] Added new traj 4
[ctrl::Trajectory3D::IsFeasible] h: 0.303797 0.260169        0. v0: 0 0 0. T: 4
[ctrl::TrapezoidalTrajectoryVi3D::TrapezoidalTrajectoryVi3D] v_cruise: 0.0790759 0.0673074         0
[ctrl::TrapezoidalTrajectoryVi3D::TrapezoidalTrajectoryVi3D] t_a: 0.158152 0.134615        0
[ctrl::TrapezoidalTrajectoryVi3D::TrapezoidalTrajectoryVi3D] t_d: 0.158152 0.134615        0
[ctrl::TrapezoidalTrajectoryVi3D::TrapezoidalTrajectoryVi3D] T: 4
[ctrl::TrajectoryManager::CreateTrajectoriesFromPath] Added new traj 5
[ctrl::Trajectory3D::IsFeasible] h:  0.182525 0.0817606         0. v0: 0 0 0. T: 4
[ctrl::TrapezoidalTrajectoryVi3D::TrapezoidalTrajectoryVi3D] v_cruise: 0.0467226 0.0206534         0
[ctrl::TrapezoidalTrajectoryVi3D::TrapezoidalTrajectoryVi3D] t_a: 0.0934453 0.0413069         0
[ctrl::TrapezoidalTrajectoryVi3D::TrapezoidalTrajectoryVi3D] t_d: 0.0934453 0.0413069         0
[ctrl::TrapezoidalTrajectoryVi3D::TrapezoidalTrajectoryVi3D] T: 4
[ctrl::TrajectoryManager::CreateTrajectoriesFromPath] Added new traj 6
[ctrl::Trajectory3D::IsFeasible] h:  0.21573 0.246091        0. v0: 0 0 0. T: 4
[ctrl::TrapezoidalTrajectoryVi3D::TrapezoidalTrajectoryVi3D] v_cruise:  0.055471 0.0635416         0
[ctrl::TrapezoidalTrajectoryVi3D::TrapezoidalTrajectoryVi3D] t_a: 0.110942 0.127083        0
[ctrl::TrapezoidalTrajectoryVi3D::TrapezoidalTrajectoryVi3D] t_d: 0.110942 0.127083        0
[ctrl::TrapezoidalTrajectoryVi3D::TrapezoidalTrajectoryVi3D] T: 4
[ctrl::TrajectoryManager::CreateTrajectoriesFromPath] Added all new trajs

[ctrl::TrajectoryManager::MergeNewTrajectoriesFirstCall]
[rob::RobotManager::SetPath] Finish creating trajectories. t_finish_s: 24.0002

[DribblingDemo] ✅ Set trajectory path with 7 waypoints
[ctrl::TrapezoidalTrajectory3D::Print] Trajectory Info. Pose:   -2 -1.5    0 -> -1.70839 -1.22914        0. Time: 0.000202445 -> 4.0002. v0: 0 0 0

[DribblingDemo] ✅ Robot reached ball area! Distance: 0.012209m
[DribblingDemo] Starting dribble...
[DribblingDemo] Planning RRT path from ball to target while dribbling...
[RRT] Starting path planning from (0, 0) to (2000, 1500)
[RRT] Goal reached! Distance: 70.5454mm, Iterations: 20
[RRT] Path smoothed from 20 to 12 waypoints
[DribblingDemo] ✅ Found RRT dribbling path with 12 waypoints
[rob::RobotManager::SetPath] 0 0 0 -> 0.24 0.18    0 -> 0.229415 0.329626        0 -> 0.457193 0.520786        0 -> 0.755823 0.500416        0 -> 0.872759 0.594363        0 -> 0.947668  0.72432        0 ->  1.18915 0.902321        0 ->  1.33675 0.875547        0 ->  1.7879 1.26913       0 -> 1.93661 1.28876       0 ->   2 1.5   0
[ctrl::TrajectoryManager::CreateTrajectoriesFromPath] Added new traj 1
[ctrl::Trajectory3D::IsFeasible] h: 0.24 0.18    0. v0: 0.0757729 0.0701788         0. T: 4
[ctrl::TrapezoidalTrajectoryVi3D::TrapezoidalTrajectoryVi3D] v_cruise: 0.0609845 0.0456716         0
[ctrl::TrapezoidalTrajectoryVi3D::TrapezoidalTrajectoryVi3D] t_a: 0.0295769 0.0490143         0
[ctrl::TrapezoidalTrajectoryVi3D::TrapezoidalTrajectoryVi3D] t_d:  0.121969 0.0913432         0
[ctrl::TrapezoidalTrajectoryVi3D::TrapezoidalTrajectoryVi3D] T: 4
[ctrl::TrajectoryManager::CreateTrajectoriesFromPath] Added new traj 2
[ctrl::Trajectory3D::IsFeasible] h: -0.0105853   0.149626          0. v0: 0 0 0. T: 4
[ctrl::TrapezoidalTrajectoryVi3D::TrapezoidalTrajectoryVi3D] v_cruise: -0.00264984   0.0381336           0
[ctrl::TrapezoidalTrajectoryVi3D::TrapezoidalTrajectoryVi3D] t_a: 0.00529967  0.0762672          0
[ctrl::TrapezoidalTrajectoryVi3D::TrapezoidalTrajectoryVi3D] t_d: 0.00529967  0.0762672          0
[ctrl::TrapezoidalTrajectoryVi3D::TrapezoidalTrajectoryVi3D] T: 4
[ctrl::TrajectoryManager::CreateTrajectoriesFromPath] Added new traj 3
[ctrl::Trajectory3D::IsFeasible] h: 0.227778  0.19116        0. v0: 0 0 0. T: 4
[ctrl::TrapezoidalTrajectoryVi3D::TrapezoidalTrajectoryVi3D] v_cruise: 0.0586654 0.0489901         0
[ctrl::TrapezoidalTrajectoryVi3D::TrapezoidalTrajectoryVi3D] t_a:  0.117331 0.0979801         0
[ctrl::TrapezoidalTrajectoryVi3D::TrapezoidalTrajectoryVi3D] t_d:  0.117331 0.0979801         0
[ctrl::TrapezoidalTrajectoryVi3D::TrapezoidalTrajectoryVi3D] T: 4
[ctrl::TrajectoryManager::CreateTrajectoriesFromPath] Added new traj 4
[ctrl::Trajectory3D::IsFeasible] h:  0.29863 -0.02037        0. v0: 0 0 0. T: 4
[ctrl::TrapezoidalTrajectoryVi3D::TrapezoidalTrajectoryVi3D] v_cruise:   0.0776743 -0.00510554           0
[ctrl::TrapezoidalTrajectoryVi3D::TrapezoidalTrajectoryVi3D] t_a:  0.155349 0.0102111         0
[ctrl::TrapezoidalTrajectoryVi3D::TrapezoidalTrajectoryVi3D] t_d:  0.155349 0.0102111         0
[ctrl::TrapezoidalTrajectoryVi3D::TrapezoidalTrajectoryVi3D] T: 4
[ctrl::TrajectoryManager::CreateTrajectoriesFromPath] Added new traj 5
[ctrl::Trajectory3D::IsFeasible] h:  0.116936 0.0939472         0. v0: 0 0 0. T: 4
[ctrl::TrapezoidalTrajectoryVi3D::TrapezoidalTrajectoryVi3D] v_cruise: 0.0296742 0.0237693         0
[ctrl::TrapezoidalTrajectoryVi3D::TrapezoidalTrajectoryVi3D] t_a: 0.0593483 0.0475386         0
[ctrl::TrapezoidalTrajectoryVi3D::TrapezoidalTrajectoryVi3D] t_d: 0.0593483 0.0475386         0
[ctrl::TrapezoidalTrajectoryVi3D::TrapezoidalTrajectoryVi3D] T: 4
[ctrl::TrajectoryManager::CreateTrajectoriesFromPath] Added new traj 6
[ctrl::Trajectory3D::IsFeasible] h: 0.0749089  0.129956         0. v0: 0 0 0. T: 4
[ctrl::TrapezoidalTrajectoryVi3D::TrapezoidalTrajectoryVi3D] v_cruise:  0.018906 0.0330347         0
[ctrl::TrapezoidalTrajectoryVi3D::TrapezoidalTrajectoryVi3D] t_a: 0.0378119 0.0660695         0
[ctrl::TrapezoidalTrajectoryVi3D::TrapezoidalTrajectoryVi3D] t_d: 0.0378119 0.0660695         0
[ctrl::TrapezoidalTrajectoryVi3D::TrapezoidalTrajectoryVi3D] T: 4
[ctrl::TrajectoryManager::CreateTrajectoriesFromPath] Added new traj 7
[ctrl::Trajectory3D::IsFeasible] h: 0.241486 0.178001        0. v0: 0 0 0. T: 4
[ctrl::TrapezoidalTrajectoryVi3D::TrapezoidalTrajectoryVi3D] v_cruise:  0.062313 0.0455371         0
[ctrl::TrapezoidalTrajectoryVi3D::TrapezoidalTrajectoryVi3D] t_a:  0.124626 0.0910741         0
[ctrl::TrapezoidalTrajectoryVi3D::TrapezoidalTrajectoryVi3D] t_d:  0.124626 0.0910741         0
[ctrl::TrapezoidalTrajectoryVi3D::TrapezoidalTrajectoryVi3D] T: 4
[ctrl::TrajectoryManager::CreateTrajectoriesFromPath] Added new traj 8
[ctrl::Trajectory3D::IsFeasible] h:   0.147591 -0.0267733          0. v0: 0 0 0. T: 4
[ctrl::TrapezoidalTrajectoryVi3D::TrapezoidalTrajectoryVi3D] v_cruise:   0.0376049 -0.00671587           0
[ctrl::TrapezoidalTrajectoryVi3D::TrapezoidalTrajectoryVi3D] t_a: 0.0752098 0.0134317         0
[ctrl::TrapezoidalTrajectoryVi3D::TrapezoidalTrajectoryVi3D] t_d: 0.0752098 0.0134317         0
[ctrl::TrapezoidalTrajectoryVi3D::TrapezoidalTrajectoryVi3D] T: 4
[ctrl::TrajectoryManager::CreateTrajectoriesFromPath] Added new traj 9
[ctrl::Trajectory3D::IsFeasible] h: 0.451153 0.393581        0. v0: 0 0 0. T: 4
[ctrl::TrapezoidalTrajectoryVi3D::TrapezoidalTrajectoryVi3D] v_cruise: 0.119987 0.103781        0
[ctrl::TrapezoidalTrajectoryVi3D::TrapezoidalTrajectoryVi3D] t_a: 0.239973 0.207561        0
[ctrl::TrapezoidalTrajectoryVi3D::TrapezoidalTrajectoryVi3D] t_d: 0.239973 0.207561        0
[ctrl::TrapezoidalTrajectoryVi3D::TrapezoidalTrajectoryVi3D] T: 4
[ctrl::TrajectoryManager::CreateTrajectoriesFromPath] Added new traj 10
[ctrl::Trajectory3D::IsFeasible] h:   0.14871 0.0196327         0. v0: 0 0 0. T: 4
[ctrl::TrapezoidalTrajectoryVi3D::TrapezoidalTrajectoryVi3D] v_cruise:  0.0378954 0.00492028          0
[ctrl::TrapezoidalTrajectoryVi3D::TrapezoidalTrajectoryVi3D] t_a:  0.0757909 0.00984055          0
[ctrl::TrapezoidalTrajectoryVi3D::TrapezoidalTrajectoryVi3D] t_d:  0.0757909 0.00984055          0
[ctrl::TrapezoidalTrajectoryVi3D::TrapezoidalTrajectoryVi3D] T: 4
[ctrl::TrajectoryManager::CreateTrajectoriesFromPath] Added new traj 11
[ctrl::Trajectory3D::IsFeasible] h: 0.063392 0.211239        0. v0: 0 0 0. T: 4
[ctrl::TrapezoidalTrajectoryVi3D::TrapezoidalTrajectoryVi3D] v_cruise: 0.0159756  0.054283         0
[ctrl::TrapezoidalTrajectoryVi3D::TrapezoidalTrajectoryVi3D] t_a: 0.0319512  0.108566         0
[ctrl::TrapezoidalTrajectoryVi3D::TrapezoidalTrajectoryVi3D] t_d: 0.0319512  0.108566         0
[ctrl::TrapezoidalTrajectoryVi3D::TrapezoidalTrajectoryVi3D] T: 4
[ctrl::TrajectoryManager::CreateTrajectoriesFromPath] Added all new trajs

[ctrl::Trajectory3D::IsFeasible] h: 0.24 0.18    0. v0: 0 0 0. T: 4
[ctrl::TrapezoidalTrajectoryVi3D::TrapezoidalTrajectoryVi3D] v_cruise: 0.0619168 0.0460608         0
[ctrl::TrapezoidalTrajectoryVi3D::TrapezoidalTrajectoryVi3D] t_a:  0.123834 0.0921216         0
[ctrl::TrapezoidalTrajectoryVi3D::TrapezoidalTrajectoryVi3D] t_d:  0.123834 0.0921216         0
[ctrl::TrapezoidalTrajectoryVi3D::TrapezoidalTrajectoryVi3D] T: 4
[ctrl::TrajectoryManager::MergeNewTrajectoryAtT] Merged Trajectory: 
[ctrl::TrapezoidalTrajectory3D::Print] Trajectory Info. Pose: 0 0 0 -> 0.24 0.18    0. Time: 0.778394 -> 4.77839. v0: 0 0 0

[ctrl::TrapezoidalTrajectory3D::Print] Trajectory Info. Pose: -1.70839 -1.22914        0 -> -0.889048  -0.65896         0. Time: 4.0002 -> 8.0002. v0: 0 0 0

[ctrl::TrapezoidalTrajectory3D::Print] Trajectory Info. Pose: -0.889048  -0.65896         0 -> -0.702052 -0.588021         0. Time: 8.0002 -> 12.0002. v0: 0 0 0

[ctrl::TrapezoidalTrajectory3D::Print] Trajectory Info. Pose: -0.702052 -0.588021         0 -> -0.398255 -0.327852         0. Time: 12.0002 -> 16.0002. v0: 0 0 0

[ctrl::TrapezoidalTrajectory3D::Print] Trajectory Info. Pose: -0.398255 -0.327852         0 ->  -0.21573 -0.246091         0. Time: 16.0002 -> 20.0002. v0: 0 0 0

[ctrl::TrapezoidalTrajectory3D::Print] Trajectory Info. Pose:  -0.21573 -0.246091         0 -> 0 0 0. Time: 20.0002 -> 24.0002. v0: 0 0 0

[ctrl::TrapezoidalTrajectory3D::Print] Trajectory Info. Pose: 0 0 0 -> 0.24 0.18    0. Time: 0.778394 -> 4.77839. v0: 0 0 0

[rob::RobotManager::SetPath] Finish creating trajectories. t_finish_s: 44.7784

[DribblingDemo] ✅ Set dribbling trajectory with 12 waypoints
[DribblingDemo] Dribbling to target... Robot at (0.0707888, 0.0659985), Distance to target: 2.40379m
[DEBUG] Robot at (0.170519, 0.165896), Ball at (0.0127557, 0.0127791), Distance: 0.21985m
[rob::RobotManager::SenseLogic] Pose (est): 0.115867 0.107749        0
[DribblingDemo] Ball: pos(-0.0372443, -0.0372209), speed=0 m/s, attached=NO
[DribblingDemo] Dribbling to target... Robot at (0.14733, 0.136888), Distance to target: 2.3001m
[DEBUG] Robot at (0.248312, 0.237946), Ball at (0.0127557, 0.0127791), Distance: 0.325863m
[rob::RobotManager::SenseLogic] Pose (est): 0.212492  0.19724        0
[DribblingDemo] Dribbling to target... Robot at (0.223092, 0.207057), Distance to target: 2.19752m
[DEBUG] Robot at (0.324326, 0.308348), Ball at (0.0127557, 0.0127791), Distance: 0.429462m
[ctrl::TrapezoidalTrajectory3D::Print] Trajectory Info. Pose: -1.70839 -1.22914        0 -> -0.889048  -0.65896         0. Time: 4.0002 -> 8.0002. v0: 0 0 0

[DribblingDemo] Ball: pos(-0.0372443, -0.0372209), speed=0 m/s, attached=NO
[DribblingDemo] Dribbling to target... Robot at (0.291254, 0.270594), Distance to target: 2.10505m
[DEBUG] Robot at (0.393162, 0.372502), Ball at (0.0127557, 0.0127791), Distance: 0.523554m
[rob::RobotManager::SenseLogic] Pose (est): 0.296549 0.275889        0
[DribblingDemo] Dribbling to target... Robot at (0.477712, 0.40679), Distance to target: 1.87416m
[DEBUG] Robot at (0.576921, 0.506928), Ball at (0.0127557, 0.0127791), Distance: 0.749977m
[rob::RobotManager::SenseLogic] Pose (est): 0.563436 0.463949        0
[DribblingDemo] Ball: pos(-0.0372443, -0.0372209), speed=0 m/s, attached=NO
[DribblingDemo] Dribbling to target... Robot at (0.709385, 0.561265), Distance to target: 1.5959m
[DEBUG] Robot at (0.809839, 0.662234), Ball at (0.0127557, 0.0127791), Distance: 1.02817m
[rob::RobotManager::SenseLogic] Pose (est): 0.855325 0.658576        0
[DribblingDemo] Dribbling to target... Robot at (0.94344, 0.71733), Distance to target: 1.31487m
[DEBUG] Robot at (1.04257, 0.817419), Ball at (0.0127557, 0.0127791), Distance: 1.30689m
