[KickDemo] Starting RRT + Trapezoidal Trajectory Kick Demo...
[est::StateEstimator::StateEstimator]
[hw::HardwareManager::HardwareManager]
[hw::MotorDriver::MotorDriver]
[hw::GyroDriver::GyroDriver]
[rob::RobotManager::RobotManager]

Demo Instructions:
1. Robot starts at (-2.0, -1.5)
2. Ball is positioned at (1.5, 1.0)
3. RRT will plan a path from robot to ball
4. Robot follows trapezoidal trajectory to reach ball
5. Robot orients towards ball and kicks it
6. Press ESC to exit

[KickDemo] Planning RRT path from robot to ball...
[RRT] Starting path planning from (0, 0) to (1500, 1000)
[RRT] Goal reached! Distance: 309.53mm, Iterations: 9
[RRT] Path smoothed from 11 to 7 waypoints
[KickDemo] ✅ Found RRT path with 7 waypoints
[rob::RobotManager::SetPath] 0 0 0 -> 0 0 0 -> 0.255468 0.541815        0 -> 0.443153 0.610913        0 -> 0.644962  0.95621        0 ->  0.8447 0.96644       0 -> 0.999128  1.09353        0 -> 1.5   1   0
[ctrl::TrajectoryManager::CreateTrajectoriesFromPath] Added new traj 1
[ctrl::Trajectory3D::IsFeasible] h: 0 0 0. v0: 0 0 0. T: 4
[ctrl::TrapezoidalTrajectoryVi3D::TrapezoidalTrajectoryVi3D] v_cruise: 0 0 0
[ctrl::TrapezoidalTrajectoryVi3D::TrapezoidalTrajectoryVi3D] t_a: 0 0 0
[ctrl::TrapezoidalTrajectoryVi3D::TrapezoidalTrajectoryVi3D] t_d: 0 0 0
[ctrl::TrapezoidalTrajectoryVi3D::TrapezoidalTrajectoryVi3D] T: 4
[ctrl::TrajectoryManager::CreateTrajectoriesFromPath] Added new traj 2
[ctrl::Trajectory3D::IsFeasible] h: 0.255468 0.541815        0. v0: 0 0 0. T: 4
[ctrl::TrapezoidalTrajectoryVi3D::TrapezoidalTrajectoryVi3D] v_cruise: 0.0660482  0.146131         0
[ctrl::TrapezoidalTrajectoryVi3D::TrapezoidalTrajectoryVi3D] t_a: 0.132096 0.292262        0
[ctrl::TrapezoidalTrajectoryVi3D::TrapezoidalTrajectoryVi3D] t_d: 0.132096 0.292262        0
[ctrl::TrapezoidalTrajectoryVi3D::TrapezoidalTrajectoryVi3D] T: 4
[ctrl::TrajectoryManager::CreateTrajectoriesFromPath] Added new traj 3
[ctrl::Trajectory3D::IsFeasible] h:  0.187685 0.0690977         0. v0: 0 0 0. T: 4
[ctrl::TrapezoidalTrajectoryVi3D::TrapezoidalTrajectoryVi3D] v_cruise: 0.0480768 0.0174263         0
[ctrl::TrapezoidalTrajectoryVi3D::TrapezoidalTrajectoryVi3D] t_a: 0.0961537 0.0348525         0
[ctrl::TrapezoidalTrajectoryVi3D::TrapezoidalTrajectoryVi3D] t_d: 0.0961537 0.0348525         0
[ctrl::TrapezoidalTrajectoryVi3D::TrapezoidalTrajectoryVi3D] T: 4
[ctrl::TrajectoryManager::CreateTrajectoriesFromPath] Added new traj 4
[ctrl::Trajectory3D::IsFeasible] h: 0.201809 0.345298        0. v0: 0 0 0. T: 4
[ctrl::TrapezoidalTrajectoryVi3D::TrapezoidalTrajectoryVi3D] v_cruise: 0.0517935 0.0904115         0
[ctrl::TrapezoidalTrajectoryVi3D::TrapezoidalTrajectoryVi3D] t_a: 0.103587 0.180823        0
[ctrl::TrapezoidalTrajectoryVi3D::TrapezoidalTrajectoryVi3D] t_d: 0.103587 0.180823        0
[ctrl::TrapezoidalTrajectoryVi3D::TrapezoidalTrajectoryVi3D] T: 4
[ctrl::TrajectoryManager::CreateTrajectoriesFromPath] Added new traj 5
[ctrl::Trajectory3D::IsFeasible] h:  0.199738 0.0102293         0. v0: 0 0 0. T: 4
[ctrl::TrapezoidalTrajectoryVi3D::TrapezoidalTrajectoryVi3D] v_cruise:  0.0512477 0.00256061          0
[ctrl::TrapezoidalTrajectoryVi3D::TrapezoidalTrajectoryVi3D] t_a:   0.102495 0.00512121          0
[ctrl::TrapezoidalTrajectoryVi3D::TrapezoidalTrajectoryVi3D] t_d:   0.102495 0.00512121          0
[ctrl::TrapezoidalTrajectoryVi3D::TrapezoidalTrajectoryVi3D] T: 4
[ctrl::TrajectoryManager::CreateTrajectoriesFromPath] Added new traj 6
[ctrl::Trajectory3D::IsFeasible] h: 0.154428  0.12709        0. v0: 0 0 0. T: 4
[ctrl::TrapezoidalTrajectoryVi3D::TrapezoidalTrajectoryVi3D] v_cruise: 0.0393826  0.032294         0
[ctrl::TrapezoidalTrajectoryVi3D::TrapezoidalTrajectoryVi3D] t_a: 0.0787652 0.0645879         0
[ctrl::TrapezoidalTrajectoryVi3D::TrapezoidalTrajectoryVi3D] t_d: 0.0787652 0.0645879         0
[ctrl::TrapezoidalTrajectoryVi3D::TrapezoidalTrajectoryVi3D] T: 4
[ctrl::TrajectoryManager::CreateTrajectoriesFromPath] Added new traj 7
[ctrl::Trajectory3D::IsFeasible] h:   0.500872 -0.0935297          0. v0: 0 0 0. T: 4
[ctrl::TrapezoidalTrajectoryVi3D::TrapezoidalTrajectoryVi3D] v_cruise:   0.134226 -0.0236624          0
[ctrl::TrapezoidalTrajectoryVi3D::TrapezoidalTrajectoryVi3D] t_a:  0.268453 0.0473248         0
[ctrl::TrapezoidalTrajectoryVi3D::TrapezoidalTrajectoryVi3D] t_d:  0.268453 0.0473248         0
[ctrl::TrapezoidalTrajectoryVi3D::TrapezoidalTrajectoryVi3D] T: 4
[ctrl::TrajectoryManager::CreateTrajectoriesFromPath] Added all new trajs

[ctrl::TrajectoryManager::MergeNewTrajectoriesFirstCall]
[rob::RobotManager::SetPath] Finish creating trajectories. t_finish_s: 28.0005

[KickDemo] ✅ Set trajectory path with 8 waypoints
[ctrl::TrapezoidalTrajectory3D::Print] Trajectory Info. Pose: 0 0 0 -> 0 0 0. Time: 0.000519774 -> 4.00052. v0: 0 0 0

[KickDemo] Following trajectory... Robot at (0, 0), Distance to ball: 1.80278m
[rob::RobotManager::SenseLogic] Pose (est): 0 0 0
[KickDemo] Ball: pos(1.5, 1), speed=0 m/s
[KickDemo] Following trajectory... Robot at (0, 0), Distance to ball: 1.80278m
[rob::RobotManager::SenseLogic] Pose (est): 0 0 0
[KickDemo] Following trajectory... Robot at (0, 0), Distance to ball: 1.80278m
