[KickDemo] Starting RRT + Trapezoidal Trajectory Kick Demo...
[est::StateEstimator::StateEstimator]
[hw::HardwareManager::HardwareManager]
[hw::MotorDriver::MotorDriver]
[hw::GyroDriver::GyroDriver]
[rob::RobotManager::RobotManager]

Demo Instructions:
1. Robot starts at (-2.0, -1.5)
2. Ball is positioned at (1.5, 1.0)
3. RRT will plan a path from robot to ball
4. Robot follows trapezoidal trajectory to reach ball
5. Robot orients towards ball and kicks it
6. Press ESC to exit

[KickDemo] Planning RRT path from robot to ball...
[RRT] Starting path planning from (-2000, -1500) to (1500, 1000)
[RRT] Goal reached! Distance: 229.738mm, Iterations: 21
[RRT] Path smoothed from 23 to 9 waypoints
[KickDemo] ✅ Found RRT path with 9 waypoints
[rob::RobotManager::SetPath]   -2 -1.5    0 ->  -1.5238 -1.13529        0 ->  -1.40579 -0.973817         0 ->  -1.09139 -0.727981         0 ->  -1.02881 -0.538025         0 -> -0.555356 -0.172495         0 ->  0.14381 0.215863        0 -> 0.337813 0.167251        0 -> 1.5   1   0
[ctrl::TrajectoryManager::CreateTrajectoriesFromPath] Added new traj 1
[ctrl::Trajectory3D::IsFeasible] h: 0.476199 0.364709        0. v0: 0 0 0. T: 4
[ctrl::TrapezoidalTrajectoryVi3D::TrapezoidalTrajectoryVi3D] v_cruise:  0.127131 0.0957626         0
[ctrl::TrapezoidalTrajectoryVi3D::TrapezoidalTrajectoryVi3D] t_a: 0.254262 0.191525        0
[ctrl::TrapezoidalTrajectoryVi3D::TrapezoidalTrajectoryVi3D] t_d: 0.254262 0.191525        0
[ctrl::TrapezoidalTrajectoryVi3D::TrapezoidalTrajectoryVi3D] T: 4
[ctrl::TrajectoryManager::CreateTrajectoriesFromPath] Added new traj 2
[ctrl::Trajectory3D::IsFeasible] h:  0.11801 0.161473        0. v0: 0 0 0. T: 4
[ctrl::TrapezoidalTrajectoryVi3D::TrapezoidalTrajectoryVi3D] v_cruise:  0.029951 0.0412178         0
[ctrl::TrapezoidalTrajectoryVi3D::TrapezoidalTrajectoryVi3D] t_a: 0.0599021 0.0824356         0
[ctrl::TrapezoidalTrajectoryVi3D::TrapezoidalTrajectoryVi3D] t_d: 0.0599021 0.0824356         0
[ctrl::TrapezoidalTrajectoryVi3D::TrapezoidalTrajectoryVi3D] T: 4
[ctrl::TrajectoryManager::CreateTrajectoriesFromPath] Added new traj 3
[ctrl::Trajectory3D::IsFeasible] h: 0.314402 0.245837        0. v0: 0 0 0. T: 4
[ctrl::TrapezoidalTrajectoryVi3D::TrapezoidalTrajectoryVi3D] v_cruise: 0.0819591 0.0634736         0
[ctrl::TrapezoidalTrajectoryVi3D::TrapezoidalTrajectoryVi3D] t_a: 0.163918 0.126947        0
[ctrl::TrapezoidalTrajectoryVi3D::TrapezoidalTrajectoryVi3D] t_d: 0.163918 0.126947        0
[ctrl::TrapezoidalTrajectoryVi3D::TrapezoidalTrajectoryVi3D] T: 4
[ctrl::TrajectoryManager::CreateTrajectoriesFromPath] Added new traj 4
[ctrl::Trajectory3D::IsFeasible] h: 0.0625836  0.189956         0. v0: 0 0 0. T: 4
[ctrl::TrapezoidalTrajectoryVi3D::TrapezoidalTrajectoryVi3D] v_cruise: 0.0157702 0.0486736         0
[ctrl::TrapezoidalTrajectoryVi3D::TrapezoidalTrajectoryVi3D] t_a: 0.0315405 0.0973471         0
[ctrl::TrapezoidalTrajectoryVi3D::TrapezoidalTrajectoryVi3D] t_d: 0.0315405 0.0973471         0
[ctrl::TrapezoidalTrajectoryVi3D::TrapezoidalTrajectoryVi3D] T: 4
[ctrl::TrajectoryManager::CreateTrajectoriesFromPath] Added new traj 5
[ctrl::Trajectory3D::IsFeasible] h:  0.47345 0.365529        0. v0: 0 0 0. T: 4
[ctrl::TrapezoidalTrajectoryVi3D::TrapezoidalTrajectoryVi3D] v_cruise:  0.126344 0.0959893         0
[ctrl::TrapezoidalTrajectoryVi3D::TrapezoidalTrajectoryVi3D] t_a: 0.252688 0.191979        0
[ctrl::TrapezoidalTrajectoryVi3D::TrapezoidalTrajectoryVi3D] t_d: 0.252688 0.191979        0
[ctrl::TrapezoidalTrajectoryVi3D::TrapezoidalTrajectoryVi3D] T: 4
[ctrl::TrajectoryManager::CreateTrajectoriesFromPath] Added new traj 6
[ctrl::Trajectory3D::IsFeasible] h: 0.699166 0.388358        0. v0: 0 0 0. T: 4
[ctrl::TrapezoidalTrajectoryVi3D::TrapezoidalTrajectoryVi3D] v_cruise: 0.193516 0.102325        0
[ctrl::TrapezoidalTrajectoryVi3D::TrapezoidalTrajectoryVi3D] t_a: 0.387032 0.204649        0
[ctrl::TrapezoidalTrajectoryVi3D::TrapezoidalTrajectoryVi3D] t_d: 0.387032 0.204649        0
[ctrl::TrapezoidalTrajectoryVi3D::TrapezoidalTrajectoryVi3D] T: 4
[ctrl::TrajectoryManager::CreateTrajectoriesFromPath] Added new traj 7
[ctrl::Trajectory3D::IsFeasible] h:   0.194002 -0.0486116          0. v0: 0 0 0. T: 4
[ctrl::TrapezoidalTrajectoryVi3D::TrapezoidalTrajectoryVi3D] v_cruise:  0.0497375 -0.0122277          0
[ctrl::TrapezoidalTrajectoryVi3D::TrapezoidalTrajectoryVi3D] t_a:  0.099475 0.0244553         0
[ctrl::TrapezoidalTrajectoryVi3D::TrapezoidalTrajectoryVi3D] t_d:  0.099475 0.0244553         0
[ctrl::TrapezoidalTrajectoryVi3D::TrapezoidalTrajectoryVi3D] T: 4
[ctrl::TrajectoryManager::CreateTrajectoriesFromPath] Added new traj 8
[ctrl::Trajectory3D::IsFeasible] h:  1.16219 0.832749        0. v0: 0 0 0. T: 4
[ctrl::TrapezoidalTrajectoryVi3D::TrapezoidalTrajectoryVi3D] v_cruise:  0.35277 0.236046        0
[ctrl::TrapezoidalTrajectoryVi3D::TrapezoidalTrajectoryVi3D] t_a: 0.705541 0.472092        0
[ctrl::TrapezoidalTrajectoryVi3D::TrapezoidalTrajectoryVi3D] t_d: 0.705541 0.472092        0
[ctrl::TrapezoidalTrajectoryVi3D::TrapezoidalTrajectoryVi3D] T: 4
[ctrl::TrajectoryManager::CreateTrajectoriesFromPath] Added all new trajs

[ctrl::TrajectoryManager::MergeNewTrajectoriesFirstCall]
[rob::RobotManager::SetPath] Finish creating trajectories. t_finish_s: 32.0002

[KickDemo] ✅ Set trajectory path with 9 waypoints
[ctrl::TrapezoidalTrajectory3D::Print] Trajectory Info. Pose:   -2 -1.5    0 ->  -1.5238 -1.13529        0. Time: 0.000242108 -> 4.00024. v0: 0 0 0

[KickDemo] Following trajectory... Robot at (0.111674, 0.0870221), Distance to ball: 1.66162m
[rob::RobotManager::SenseLogic] Pose (est): 0.163162 0.125807        0
[KickDemo] Ball: pos(1.5, 1), speed=0 m/s
[KickDemo] Following trajectory... Robot at (0.240031, 0.183709), Distance to ball: 1.50128m
[rob::RobotManager::SenseLogic] Pose (est): 0.326467 0.248817        0
[KickDemo] Following trajectory... Robot at (0.36843, 0.280426), Distance to ball: 1.34098m
[rob::RobotManager::SenseLogic] Pose (est): 0.475435  0.36393        0
[ctrl::TrapezoidalTrajectory3D::Print] Trajectory Info. Pose:  -1.5238 -1.13529        0 ->  -1.40579 -0.973817         0. Time: 4.00024 -> 8.00024. v0: 0 0 0

[KickDemo] Ball: pos(1.5, 1), speed=0 m/s
[KickDemo] Following trajectory... Robot at (0.476417, 0.364912), Distance to ball: 1.2046m
[KickDemo] Following trajectory... Robot at (0.506646, 0.406247), Distance to ball: 1.15728m
[rob::RobotManager::SenseLogic] Pose (est): 0.511438  0.41284        0
[KickDemo] Ball: pos(1.5, 1), speed=0 m/s
[KickDemo] Following trajectory... Robot at (0.537196, 0.448289), Distance to ball: 1.10967m
[rob::RobotManager::SenseLogic] Pose (est): 0.548874  0.46436        0
[KickDemo] Following trajectory... Robot at (0.567144, 0.489502), Distance to ball: 1.0634m
