[DribblingDemo] Starting RRT + Trapezoidal Trajectory Dribbling Demo...
[est::StateEstimator::StateEstimator]
[hw::HardwareManager::HardwareManager]
[hw::MotorDriver::MotorDriver]
[hw::GyroDriver::GyroDriver]
[rob::RobotManager::RobotManager]

Demo Instructions:
1. Robot starts at (-2.0, -1.5)
2. Ball is positioned at (0.0, 0.0)
3. Target is at (2.0, 1.5)
4. Robot uses RRT to plan path to ball
5. Robot approaches ball and starts dribbling
6. Robot uses RRT to plan path to target while dribbling
7. Robot dribbles ball to target
8. Press ESC to exit

[DribblingDemo] Planning RRT path from robot to ball...
[RRT] Starting path planning from (-2000, -1500) to (0, 0)
[RRT] Goal reached! Distance: 137.789mm, Iterations: 12
[RRT] Path smoothed from 14 to 6 waypoints
[DribblingDemo] ✅ Found RRT path with 6 waypoints
[rob::RobotManager::SetPath]   -2 -1.5    0 -> -1.57131 -1.08112        0 ->    -1.202 -0.927675         0 -> -0.410352 -0.316699         0 -> -0.300246 -0.149736         0 -> 0 0 0
[ctrl::TrajectoryManager::CreateTrajectoriesFromPath] Added new traj 1
[ctrl::Trajectory3D::IsFeasible] h: 0.428685  0.41888        0. v0: 0 0 0. T: 4
[ctrl::TrapezoidalTrajectoryVi3D::TrapezoidalTrajectoryVi3D] v_cruise: 0.113627 0.110865        0
[ctrl::TrapezoidalTrajectoryVi3D::TrapezoidalTrajectoryVi3D] t_a: 0.227254 0.221731        0
[ctrl::TrapezoidalTrajectoryVi3D::TrapezoidalTrajectoryVi3D] t_d: 0.227254 0.221731        0
[ctrl::TrapezoidalTrajectoryVi3D::TrapezoidalTrajectoryVi3D] T: 4
[ctrl::TrajectoryManager::CreateTrajectoriesFromPath] Added new traj 2
[ctrl::Trajectory3D::IsFeasible] h: 0.369314 0.153446        0. v0: 0 0 0. T: 4
[ctrl::TrapezoidalTrajectoryVi3D::TrapezoidalTrajectoryVi3D] v_cruise: 0.0970364 0.0391269         0
[ctrl::TrapezoidalTrajectoryVi3D::TrapezoidalTrajectoryVi3D] t_a:  0.194073 0.0782538         0
[ctrl::TrapezoidalTrajectoryVi3D::TrapezoidalTrajectoryVi3D] t_d:  0.194073 0.0782538         0
[ctrl::TrapezoidalTrajectoryVi3D::TrapezoidalTrajectoryVi3D] T: 4
[ctrl::TrajectoryManager::CreateTrajectoriesFromPath] Added new traj 3
[ctrl::Trajectory3D::IsFeasible] h:  0.79165 0.610975        0. v0: 0 0 0. T: 4
[ctrl::TrapezoidalTrajectoryVi3D::TrapezoidalTrajectoryVi3D] v_cruise: 0.222713 0.166626        0
[ctrl::TrapezoidalTrajectoryVi3D::TrapezoidalTrajectoryVi3D] t_a: 0.445426 0.333252        0
[ctrl::TrapezoidalTrajectoryVi3D::TrapezoidalTrajectoryVi3D] t_d: 0.445426 0.333252        0
[ctrl::TrapezoidalTrajectoryVi3D::TrapezoidalTrajectoryVi3D] T: 4
[ctrl::TrajectoryManager::CreateTrajectoriesFromPath] Added new traj 4
[ctrl::Trajectory3D::IsFeasible] h: 0.110105 0.166963        0. v0: 0 0 0. T: 4
[ctrl::TrapezoidalTrajectoryVi3D::TrapezoidalTrajectoryVi3D] v_cruise:  0.027916 0.0426504         0
[ctrl::TrapezoidalTrajectoryVi3D::TrapezoidalTrajectoryVi3D] t_a:  0.055832 0.0853008         0
[ctrl::TrapezoidalTrajectoryVi3D::TrapezoidalTrajectoryVi3D] t_d:  0.055832 0.0853008         0
[ctrl::TrapezoidalTrajectoryVi3D::TrapezoidalTrajectoryVi3D] T: 4
[ctrl::TrajectoryManager::CreateTrajectoriesFromPath] Added new traj 5
[ctrl::Trajectory3D::IsFeasible] h: 0.300246 0.149736        0. v0: 0 0 0. T: 4
[ctrl::TrapezoidalTrajectoryVi3D::TrapezoidalTrajectoryVi3D] v_cruise: 0.0781124 0.0381621         0
[ctrl::TrapezoidalTrajectoryVi3D::TrapezoidalTrajectoryVi3D] t_a:  0.156225 0.0763243         0
[ctrl::TrapezoidalTrajectoryVi3D::TrapezoidalTrajectoryVi3D] t_d:  0.156225 0.0763243         0
[ctrl::TrapezoidalTrajectoryVi3D::TrapezoidalTrajectoryVi3D] T: 4
[ctrl::TrajectoryManager::CreateTrajectoriesFromPath] Added all new trajs

[ctrl::TrajectoryManager::MergeNewTrajectoriesFirstCall]
[rob::RobotManager::SetPath] Finish creating trajectories. t_finish_s: 20.0009

[DribblingDemo] ✅ Set trajectory path with 6 waypoints
[ctrl::TrapezoidalTrajectory3D::Print] Trajectory Info. Pose:   -2 -1.5    0 -> -1.57131 -1.08112        0. Time: 0.000867798 -> 4.00087. v0: 0 0 0

[DribblingDemo] ✅ Robot reached ball area! Distance: 0.0014583m
[DribblingDemo] Starting dribble...
[DribblingDemo] Planning RRT path from ball to target while dribbling...
[RRT] Starting path planning from (0, 0) to (2000, 1500)
[RRT] Goal reached! Distance: 173.542mm, Iterations: 23
[RRT] Path smoothed from 19 to 11 waypoints
[DribblingDemo] ✅ Found RRT dribbling path with 11 waypoints
[rob::RobotManager::SetPath] 0 0 0 ->  0.148375 0.0220166         0 -> 0.265608 0.115593        0 ->  0.41458 0.133129        0 -> 0.491246 0.262056        0 -> 0.629663 0.319857        0 ->  1.29949 0.917032        0 -> 1.29337 1.06691       0 -> 1.43169 1.12493       0 -> 1.41871 1.27437       0 ->   2 1.5   0
[ctrl::TrajectoryManager::CreateTrajectoriesFromPath] Added new traj 1
[ctrl::Trajectory3D::IsFeasible] h:  0.148375 0.0220166         0. v0: 0.113627 0.110865        0. T: 4
[ctrl::TrapezoidalTrajectoryVi3D::TrapezoidalTrajectoryVi3D] v_cruise:  0.0388687 0.00815799          0
[ctrl::TrapezoidalTrajectoryVi3D::TrapezoidalTrajectoryVi3D] t_a: 0.149516 0.205415        0
[ctrl::TrapezoidalTrajectoryVi3D::TrapezoidalTrajectoryVi3D] t_d: 0.0777375  0.016316         0
[ctrl::TrapezoidalTrajectoryVi3D::TrapezoidalTrajectoryVi3D] T: 4
[ctrl::TrajectoryManager::CreateTrajectoriesFromPath] Added new traj 2
[ctrl::Trajectory3D::IsFeasible] h:  0.117233 0.0935762         0. v0: 0 0 0. T: 4
[ctrl::TrapezoidalTrajectoryVi3D::TrapezoidalTrajectoryVi3D] v_cruise: 0.0297507 0.0236743         0
[ctrl::TrapezoidalTrajectoryVi3D::TrapezoidalTrajectoryVi3D] t_a: 0.0595014 0.0473486         0
[ctrl::TrapezoidalTrajectoryVi3D::TrapezoidalTrajectoryVi3D] t_d: 0.0595014 0.0473486         0
[ctrl::TrapezoidalTrajectoryVi3D::TrapezoidalTrajectoryVi3D] T: 4
[ctrl::TrajectoryManager::CreateTrajectoriesFromPath] Added new traj 3
[ctrl::Trajectory3D::IsFeasible] h:  0.148971 0.0175362         0. v0: 0 0 0. T: 4
[ctrl::TrapezoidalTrajectoryVi3D::TrapezoidalTrajectoryVi3D] v_cruise:  0.0379635 0.00439371          0
[ctrl::TrapezoidalTrajectoryVi3D::TrapezoidalTrajectoryVi3D] t_a:  0.0759269 0.00878741          0
[ctrl::TrapezoidalTrajectoryVi3D::TrapezoidalTrajectoryVi3D] t_d:  0.0759269 0.00878741          0
[ctrl::TrapezoidalTrajectoryVi3D::TrapezoidalTrajectoryVi3D] T: 4
[ctrl::TrajectoryManager::CreateTrajectoriesFromPath] Added new traj 4
[ctrl::Trajectory3D::IsFeasible] h: 0.0766668  0.128927         0. v0: 0 0 0. T: 4
[ctrl::TrapezoidalTrajectoryVi3D::TrapezoidalTrajectoryVi3D] v_cruise:  0.019354 0.0327687         0
[ctrl::TrapezoidalTrajectoryVi3D::TrapezoidalTrajectoryVi3D] t_a:  0.038708 0.0655373         0
[ctrl::TrapezoidalTrajectoryVi3D::TrapezoidalTrajectoryVi3D] t_d:  0.038708 0.0655373         0
[ctrl::TrapezoidalTrajectoryVi3D::TrapezoidalTrajectoryVi3D] T: 4
[ctrl::TrajectoryManager::CreateTrajectoriesFromPath] Added new traj 5
[ctrl::Trajectory3D::IsFeasible] h: 0.138416 0.057801        0. v0: 0 0 0. T: 4
[ctrl::TrapezoidalTrajectoryVi3D::TrapezoidalTrajectoryVi3D] v_cruise: 0.0352244 0.0145562         0
[ctrl::TrapezoidalTrajectoryVi3D::TrapezoidalTrajectoryVi3D] t_a: 0.0704489 0.0291124         0
[ctrl::TrapezoidalTrajectoryVi3D::TrapezoidalTrajectoryVi3D] t_d: 0.0704489 0.0291124         0
[ctrl::TrapezoidalTrajectoryVi3D::TrapezoidalTrajectoryVi3D] T: 4
[ctrl::TrajectoryManager::CreateTrajectoriesFromPath] Added new traj 6
[ctrl::Trajectory3D::IsFeasible] h: 0.669825 0.597175        0. v0: 0 0 0. T: 4
[ctrl::TrapezoidalTrajectoryVi3D::TrapezoidalTrajectoryVi3D] v_cruise: 0.184471 0.162496        0
[ctrl::TrapezoidalTrajectoryVi3D::TrapezoidalTrajectoryVi3D] t_a: 0.368942 0.324993        0
[ctrl::TrapezoidalTrajectoryVi3D::TrapezoidalTrajectoryVi3D] t_d: 0.368942 0.324993        0
[ctrl::TrapezoidalTrajectoryVi3D::TrapezoidalTrajectoryVi3D] T: 4
[ctrl::TrajectoryManager::CreateTrajectoriesFromPath] Added new traj 7
[ctrl::Trajectory3D::IsFeasible] h: -0.00612124    0.149875           0. v0: 0 0 0. T: 4
[ctrl::TrapezoidalTrajectoryVi3D::TrapezoidalTrajectoryVi3D] v_cruise: -0.00153148   0.0381983           0
[ctrl::TrapezoidalTrajectoryVi3D::TrapezoidalTrajectoryVi3D] t_a: 0.00306297  0.0763966          0
[ctrl::TrapezoidalTrajectoryVi3D::TrapezoidalTrajectoryVi3D] t_d: 0.00306297  0.0763966          0
[ctrl::TrapezoidalTrajectoryVi3D::TrapezoidalTrajectoryVi3D] T: 4
[ctrl::TrajectoryManager::CreateTrajectoriesFromPath] Added new traj 8
[ctrl::Trajectory3D::IsFeasible] h:  0.138321 0.0580274         0. v0: 0 0 0. T: 4
[ctrl::TrapezoidalTrajectoryVi3D::TrapezoidalTrajectoryVi3D] v_cruise: 0.0351999 0.0146136         0
[ctrl::TrapezoidalTrajectoryVi3D::TrapezoidalTrajectoryVi3D] t_a: 0.0703997 0.0292273         0
[ctrl::TrapezoidalTrajectoryVi3D::TrapezoidalTrajectoryVi3D] t_d: 0.0703997 0.0292273         0
[ctrl::TrapezoidalTrajectoryVi3D::TrapezoidalTrajectoryVi3D] T: 4
[ctrl::TrajectoryManager::CreateTrajectoriesFromPath] Added new traj 9
[ctrl::Trajectory3D::IsFeasible] h: -0.0129762   0.149438          0. v0: 0 0 0. T: 4
[ctrl::TrapezoidalTrajectoryVi3D::TrapezoidalTrajectoryVi3D] v_cruise: -0.00324934   0.0380846           0
[ctrl::TrapezoidalTrajectoryVi3D::TrapezoidalTrajectoryVi3D] t_a: 0.00649867  0.0761693          0
[ctrl::TrapezoidalTrajectoryVi3D::TrapezoidalTrajectoryVi3D] t_d: 0.00649867  0.0761693          0
[ctrl::TrapezoidalTrajectoryVi3D::TrapezoidalTrajectoryVi3D] T: 4
[ctrl::TrajectoryManager::CreateTrajectoriesFromPath] Added new traj 10
[ctrl::Trajectory3D::IsFeasible] h: 0.581289 0.225627        0. v0: 0 0 0. T: 4
[ctrl::TrapezoidalTrajectoryVi3D::TrapezoidalTrajectoryVi3D] v_cruise:  0.157767 0.0580943         0
[ctrl::TrapezoidalTrajectoryVi3D::TrapezoidalTrajectoryVi3D] t_a: 0.315535 0.116189        0
[ctrl::TrapezoidalTrajectoryVi3D::TrapezoidalTrajectoryVi3D] t_d: 0.315535 0.116189        0
[ctrl::TrapezoidalTrajectoryVi3D::TrapezoidalTrajectoryVi3D] T: 4
[ctrl::TrajectoryManager::CreateTrajectoriesFromPath] Added all new trajs

[ctrl::Trajectory3D::IsFeasible] h:  0.148375 0.0220166         0. v0: 0 0 0. T: 4
[ctrl::TrapezoidalTrajectoryVi3D::TrapezoidalTrajectoryVi3D] v_cruise:  0.0378086 0.00551938          0
[ctrl::TrapezoidalTrajectoryVi3D::TrapezoidalTrajectoryVi3D] t_a: 0.0756172 0.0110388         0
[ctrl::TrapezoidalTrajectoryVi3D::TrapezoidalTrajectoryVi3D] t_d: 0.0756172 0.0110388         0
[ctrl::TrapezoidalTrajectoryVi3D::TrapezoidalTrajectoryVi3D] T: 4
[ctrl::TrajectoryManager::MergeNewTrajectoryAtT] Merged Trajectory: 
[ctrl::TrapezoidalTrajectory3D::Print] Trajectory Info. Pose: 0 0 0 ->  0.148375 0.0220166         0. Time: 0.642744 -> 4.64274. v0: 0 0 0

[ctrl::TrapezoidalTrajectory3D::Print] Trajectory Info. Pose: -1.57131 -1.08112        0 ->    -1.202 -0.927675         0. Time: 4.00087 -> 8.00087. v0: 0 0 0

[ctrl::TrapezoidalTrajectory3D::Print] Trajectory Info. Pose:    -1.202 -0.927675         0 -> -0.410352 -0.316699         0. Time: 8.00087 -> 12.0009. v0: 0 0 0

[ctrl::TrapezoidalTrajectory3D::Print] Trajectory Info. Pose: -0.410352 -0.316699         0 -> -0.300246 -0.149736         0. Time: 12.0009 -> 16.0009. v0: 0 0 0

[ctrl::TrapezoidalTrajectory3D::Print] Trajectory Info. Pose: -0.300246 -0.149736         0 -> 0 0 0. Time: 16.0009 -> 20.0009. v0: 0 0 0

[ctrl::TrapezoidalTrajectory3D::Print] Trajectory Info. Pose: 0 0 0 ->  0.148375 0.0220166         0. Time: 0.642744 -> 4.64274. v0: 0 0 0

[rob::RobotManager::SetPath] Finish creating trajectories. t_finish_s: 40.6427

[DribblingDemo] ✅ Set dribbling trajectory with 11 waypoints
[DribblingDemo] Dribbling to target... Robot at (0.100211, 0.0980979), Distance to target: 2.36104m
[rob::RobotManager::SenseLogic] Pose (est): 0.162589  0.15896        0
[DribblingDemo] Dribbling to target... Robot at (0.213715, 0.208844), Distance to target: 2.20406m
[DribblingDemo] Ball: pos(0.365102, 0.259269), speed=0 m/s, attached=YES
[rob::RobotManager::SenseLogic] Pose (est): 0.305754 0.298646        0
[DribblingDemo] Dribbling to target... Robot at (0.327341, 0.319708), Distance to target: 2.04716m
[ctrl::TrapezoidalTrajectory3D::Print] Trajectory Info. Pose: -1.57131 -1.08112        0 ->    -1.202 -0.927675         0. Time: 4.00087 -> 8.00087. v0: 0 0 0

[DribblingDemo] Ball: pos(0.581162, 0.470375), speed=0 m/s, attached=YES
[DribblingDemo] Dribbling to target... Robot at (0.428272, 0.418486), Distance to target: 1.90788m
[rob::RobotManager::SenseLogic] Pose (est): 0.429395 0.419608        0
[DribblingDemo] Dribbling to target... Robot at (0.5176, 0.456737), Distance to target: 1.81271m
[rob::RobotManager::SenseLogic] Pose (est): 0.547312 0.468718        0
[DribblingDemo] Ball: pos(0.76437, 0.546548), speed=0 m/s, attached=YES
[DribblingDemo] Dribbling to target... Robot at (0.615599, 0.496253), Distance to target: 1.70999m
[rob::RobotManager::SenseLogic] Pose (est): 0.668981 0.517777        0
[DribblingDemo] Dribbling to target... Robot at (0.713604, 0.53577), Distance to target: 1.60766m
