[DribblingDemo] Starting RRT + Trapezoidal Trajectory Dribbling Demo...
[est::StateEstimator::StateEstimator]
[hw::HardwareManager::HardwareManager]
[hw::MotorDriver::MotorDriver]
[hw::GyroDriver::GyroDriver]
[rob::RobotManager::RobotManager]

Demo Instructions:
1. Robot starts at (-2.0, -1.5)
2. Ball is positioned at (0.0, 0.0)
3. Target is at (2.0, 1.5)
4. Robot uses RRT to plan path to ball
5. Robot approaches ball and starts dribbling
6. Robot uses RRT to plan path to target while dribbling
7. Robot dribbles ball to target
8. Press ESC to exit

[DribblingDemo] Planning RRT path from robot to ball...
[RRT] Starting path planning from (-2000, -1500) to (0, 0)
[RRT] Goal reached! Distance: 156.866mm, Iterations: 12
[RRT] Path smoothed from 14 to 6 waypoints
[DribblingDemo] ✅ Found RRT path with 6 waypoints
[rob::RobotManager::SetPath]   -2 -1.5    0 -> -1.18735 -0.92235        0 -> -0.995317 -0.866451         0 -> -0.533141 -0.485207         0 -> -0.175174 -0.310914         0 -> 0 0 0
[ctrl::TrajectoryManager::CreateTrajectoriesFromPath] Added new traj 1
[ctrl::Trajectory3D::IsFeasible] h: 0.812654  0.57765        0. v0: 0 0 0. T: 4
[ctrl::TrapezoidalTrajectoryVi3D::TrapezoidalTrajectoryVi3D] v_cruise: 0.229498 0.156688        0
[ctrl::TrapezoidalTrajectoryVi3D::TrapezoidalTrajectoryVi3D] t_a: 0.458996 0.313376        0
[ctrl::TrapezoidalTrajectoryVi3D::TrapezoidalTrajectoryVi3D] t_d: 0.458996 0.313376        0
[ctrl::TrapezoidalTrajectoryVi3D::TrapezoidalTrajectoryVi3D] T: 4
[ctrl::TrajectoryManager::CreateTrajectoriesFromPath] Added new traj 2
[ctrl::Trajectory3D::IsFeasible] h:  0.192029 0.0558991         0. v0: 0 0 0. T: 4
[ctrl::TrapezoidalTrajectoryVi3D::TrapezoidalTrajectoryVi3D] v_cruise: 0.0492186 0.0140738         0
[ctrl::TrapezoidalTrajectoryVi3D::TrapezoidalTrajectoryVi3D] t_a: 0.0984372 0.0281476         0
[ctrl::TrapezoidalTrajectoryVi3D::TrapezoidalTrajectoryVi3D] t_d: 0.0984372 0.0281476         0
[ctrl::TrapezoidalTrajectoryVi3D::TrapezoidalTrajectoryVi3D] T: 4
[ctrl::TrajectoryManager::CreateTrajectoriesFromPath] Added new traj 3
[ctrl::Trajectory3D::IsFeasible] h: 0.462176 0.381244        0. v0: 0 0 0. T: 4
[ctrl::TrapezoidalTrajectoryVi3D::TrapezoidalTrajectoryVi3D] v_cruise: 0.123124 0.100346        0
[ctrl::TrapezoidalTrajectoryVi3D::TrapezoidalTrajectoryVi3D] t_a: 0.246248 0.200691        0
[ctrl::TrapezoidalTrajectoryVi3D::TrapezoidalTrajectoryVi3D] t_d: 0.246248 0.200691        0
[ctrl::TrapezoidalTrajectoryVi3D::TrapezoidalTrajectoryVi3D] T: 4
[ctrl::TrajectoryManager::CreateTrajectoriesFromPath] Added new traj 4
[ctrl::Trajectory3D::IsFeasible] h: 0.357966 0.174293        0. v0: 0 0 0. T: 4
[ctrl::TrapezoidalTrajectoryVi3D::TrapezoidalTrajectoryVi3D] v_cruise: 0.0939001 0.0445664         0
[ctrl::TrapezoidalTrajectoryVi3D::TrapezoidalTrajectoryVi3D] t_a:    0.1878 0.0891329         0
[ctrl::TrapezoidalTrajectoryVi3D::TrapezoidalTrajectoryVi3D] t_d:    0.1878 0.0891329         0
[ctrl::TrapezoidalTrajectoryVi3D::TrapezoidalTrajectoryVi3D] T: 4
[ctrl::TrajectoryManager::CreateTrajectoriesFromPath] Added new traj 5
[ctrl::Trajectory3D::IsFeasible] h: 0.175174 0.310914        0. v0: 0 0 0. T: 4
[ctrl::TrapezoidalTrajectoryVi3D::TrapezoidalTrajectoryVi3D] v_cruise:  0.044797 0.0810097         0
[ctrl::TrapezoidalTrajectoryVi3D::TrapezoidalTrajectoryVi3D] t_a: 0.089594 0.162019        0
[ctrl::TrapezoidalTrajectoryVi3D::TrapezoidalTrajectoryVi3D] t_d: 0.089594 0.162019        0
[ctrl::TrapezoidalTrajectoryVi3D::TrapezoidalTrajectoryVi3D] T: 4
[ctrl::TrajectoryManager::CreateTrajectoriesFromPath] Added all new trajs

[ctrl::TrajectoryManager::MergeNewTrajectoriesFirstCall]
[rob::RobotManager::SetPath] Finish creating trajectories. t_finish_s: 20.0003

[DribblingDemo] ✅ Set trajectory path with 6 waypoints
[ctrl::TrapezoidalTrajectory3D::Print] Trajectory Info. Pose:   -2 -1.5    0 -> -1.18735 -0.92235        0. Time: 0.000293515 -> 4.00029. v0: 0 0 0

[DribblingDemo] ✅ Robot reached ball area! Distance: 0.00443778m
[DribblingDemo] Starting dribble...
[DribblingDemo] Planning RRT path from ball to target while dribbling...
[RRT] Starting path planning from (0, 0) to (2000, 1500)
[RRT] Goal reached! Distance: 136.127mm, Iterations: 17
[RRT] Path smoothed from 19 to 13 waypoints
[DribblingDemo] ✅ Found RRT dribbling path with 13 waypoints
[rob::RobotManager::SetPath] 0 0 0 -> 0.12 0.09    0 ->  0.269999 0.0894943         0 -> 0.376369 0.195256        0 -> 0.520038 0.238374        0 -> 0.670035 0.237381        0 -> 0.778819 0.340657        0 -> 0.915105 0.403317        0 -> 1.54524 1.04576       0 -> 1.69182 1.01392       0 -> 1.77214  1.1406       0 -> 1.81051 1.28562       0 ->   2 1.5   0
[ctrl::TrajectoryManager::CreateTrajectoriesFromPath] Added new traj 1
[ctrl::Trajectory3D::IsFeasible] h: 0.12 0.09    0. v0: 0.229498 0.156688        0. T: 4
[ctrl::TrapezoidalTrajectoryVi3D::TrapezoidalTrajectoryVi3D] v_cruise: 0.0394209 0.0268925         0
[ctrl::TrapezoidalTrajectoryVi3D::TrapezoidalTrajectoryVi3D] t_a: 0.380155 0.259591        0
[ctrl::TrapezoidalTrajectoryVi3D::TrapezoidalTrajectoryVi3D] t_d: 0.0788417  0.053785         0
[ctrl::TrapezoidalTrajectoryVi3D::TrapezoidalTrajectoryVi3D] T: 4
[ctrl::TrajectoryManager::CreateTrajectoriesFromPath] Added new traj 2
[ctrl::Trajectory3D::IsFeasible] h:     0.149999 -0.000505746            0. v0: 0 0 0. T: 4
[ctrl::TrapezoidalTrajectoryVi3D::TrapezoidalTrajectoryVi3D] v_cruise:    0.0382306 -0.000126444            0
[ctrl::TrapezoidalTrajectoryVi3D::TrapezoidalTrajectoryVi3D] t_a:   0.0764612 0.000252889           0
[ctrl::TrapezoidalTrajectoryVi3D::TrapezoidalTrajectoryVi3D] t_d:   0.0764612 0.000252889           0
[ctrl::TrapezoidalTrajectoryVi3D::TrapezoidalTrajectoryVi3D] T: 4
[ctrl::TrajectoryManager::CreateTrajectoriesFromPath] Added new traj 3
[ctrl::Trajectory3D::IsFeasible] h:  0.10637 0.105761        0. v0: 0 0 0. T: 4
[ctrl::TrapezoidalTrajectoryVi3D::TrapezoidalTrajectoryVi3D] v_cruise: 0.0269558 0.0267994         0
[ctrl::TrapezoidalTrajectoryVi3D::TrapezoidalTrajectoryVi3D] t_a: 0.0539115 0.0535989         0
[ctrl::TrapezoidalTrajectoryVi3D::TrapezoidalTrajectoryVi3D] t_d: 0.0539115 0.0535989         0
[ctrl::TrapezoidalTrajectoryVi3D::TrapezoidalTrajectoryVi3D] T: 4
[ctrl::TrajectoryManager::CreateTrajectoriesFromPath] Added new traj 4
[ctrl::Trajectory3D::IsFeasible] h: 0.143669 0.043118        0. v0: 0 0 0. T: 4
[ctrl::TrapezoidalTrajectoryVi3D::TrapezoidalTrajectoryVi3D] v_cruise: 0.0365866 0.0108382         0
[ctrl::TrapezoidalTrajectoryVi3D::TrapezoidalTrajectoryVi3D] t_a: 0.0731732 0.0216765         0
[ctrl::TrapezoidalTrajectoryVi3D::TrapezoidalTrajectoryVi3D] t_d: 0.0731732 0.0216765         0
[ctrl::TrapezoidalTrajectoryVi3D::TrapezoidalTrajectoryVi3D] T: 4
[ctrl::TrajectoryManager::CreateTrajectoriesFromPath] Added new traj 5
[ctrl::Trajectory3D::IsFeasible] h:     0.149997 -0.000992781            0. v0: 0 0 0. T: 4
[ctrl::TrapezoidalTrajectoryVi3D::TrapezoidalTrajectoryVi3D] v_cruise:    0.0382299 -0.000248226            0
[ctrl::TrapezoidalTrajectoryVi3D::TrapezoidalTrajectoryVi3D] t_a:   0.0764599 0.000496452           0
[ctrl::TrapezoidalTrajectoryVi3D::TrapezoidalTrajectoryVi3D] t_d:   0.0764599 0.000496452           0
[ctrl::TrapezoidalTrajectoryVi3D::TrapezoidalTrajectoryVi3D] T: 4
[ctrl::TrajectoryManager::CreateTrajectoriesFromPath] Added new traj 6
[ctrl::Trajectory3D::IsFeasible] h: 0.108785 0.103276        0. v0: 0 0 0. T: 4
[ctrl::TrapezoidalTrajectoryVi3D::TrapezoidalTrajectoryVi3D] v_cruise: 0.0275764 0.0261612         0
[ctrl::TrapezoidalTrajectoryVi3D::TrapezoidalTrajectoryVi3D] t_a: 0.0551527 0.0523224         0
[ctrl::TrapezoidalTrajectoryVi3D::TrapezoidalTrajectoryVi3D] t_d: 0.0551527 0.0523224         0
[ctrl::TrapezoidalTrajectoryVi3D::TrapezoidalTrajectoryVi3D] T: 4
[ctrl::TrajectoryManager::CreateTrajectoriesFromPath] Added new traj 7
[ctrl::Trajectory3D::IsFeasible] h:  0.136285 0.0626601         0. v0: 0 0 0. T: 4
[ctrl::TrapezoidalTrajectoryVi3D::TrapezoidalTrajectoryVi3D] v_cruise: 0.0346724 0.0157897         0
[ctrl::TrapezoidalTrajectoryVi3D::TrapezoidalTrajectoryVi3D] t_a: 0.0693449 0.0315794         0
[ctrl::TrapezoidalTrajectoryVi3D::TrapezoidalTrajectoryVi3D] t_d: 0.0693449 0.0315794         0
[ctrl::TrapezoidalTrajectoryVi3D::TrapezoidalTrajectoryVi3D] T: 4
[ctrl::TrajectoryManager::CreateTrajectoriesFromPath] Added new traj 8
[ctrl::Trajectory3D::IsFeasible] h: 0.630139 0.642448        0. v0: 0 0 0. T: 4
[ctrl::TrapezoidalTrajectoryVi3D::TrapezoidalTrajectoryVi3D] v_cruise: 0.172395 0.176121        0
[ctrl::TrapezoidalTrajectoryVi3D::TrapezoidalTrajectoryVi3D] t_a: 0.344789 0.352243        0
[ctrl::TrapezoidalTrajectoryVi3D::TrapezoidalTrajectoryVi3D] t_d: 0.344789 0.352243        0
[ctrl::TrapezoidalTrajectoryVi3D::TrapezoidalTrajectoryVi3D] T: 4
[ctrl::TrajectoryManager::CreateTrajectoriesFromPath] Added new traj 9
[ctrl::Trajectory3D::IsFeasible] h:   0.146581 -0.0318454          0. v0: 0 0 0. T: 4
[ctrl::TrapezoidalTrajectoryVi3D::TrapezoidalTrajectoryVi3D] v_cruise:   0.0373424 -0.00799329           0
[ctrl::TrapezoidalTrajectoryVi3D::TrapezoidalTrajectoryVi3D] t_a: 0.0746848 0.0159866         0
[ctrl::TrapezoidalTrajectoryVi3D::TrapezoidalTrajectoryVi3D] t_d: 0.0746848 0.0159866         0
[ctrl::TrapezoidalTrajectoryVi3D::TrapezoidalTrajectoryVi3D] T: 4
[ctrl::TrajectoryManager::CreateTrajectoriesFromPath] Added new traj 10
[ctrl::Trajectory3D::IsFeasible] h: 0.0803182  0.126685         0. v0: 0 0 0. T: 4
[ctrl::TrapezoidalTrajectoryVi3D::TrapezoidalTrajectoryVi3D] v_cruise: 0.0202853 0.0321892         0
[ctrl::TrapezoidalTrajectoryVi3D::TrapezoidalTrajectoryVi3D] t_a: 0.0405706 0.0643784         0
[ctrl::TrapezoidalTrajectoryVi3D::TrapezoidalTrajectoryVi3D] t_d: 0.0405706 0.0643784         0
[ctrl::TrapezoidalTrajectoryVi3D::TrapezoidalTrajectoryVi3D] T: 4
[ctrl::TrajectoryManager::CreateTrajectoriesFromPath] Added new traj 11
[ctrl::Trajectory3D::IsFeasible] h: 0.0383644  0.145011         0. v0: 0 0 0. T: 4
[ctrl::TrapezoidalTrajectoryVi3D::TrapezoidalTrajectoryVi3D] v_cruise: 0.00963753  0.0369348          0
[ctrl::TrapezoidalTrajectoryVi3D::TrapezoidalTrajectoryVi3D] t_a: 0.0192751 0.0738697         0
[ctrl::TrapezoidalTrajectoryVi3D::TrapezoidalTrajectoryVi3D] t_d: 0.0192751 0.0738697         0
[ctrl::TrapezoidalTrajectoryVi3D::TrapezoidalTrajectoryVi3D] T: 4
[ctrl::TrajectoryManager::CreateTrajectoriesFromPath] Added new traj 12
[ctrl::Trajectory3D::IsFeasible] h: 0.189493 0.214385        0. v0: 0 0 0. T: 4
[ctrl::TrapezoidalTrajectoryVi3D::TrapezoidalTrajectoryVi3D] v_cruise: 0.0485519 0.0551151         0
[ctrl::TrapezoidalTrajectoryVi3D::TrapezoidalTrajectoryVi3D] t_a: 0.0971038   0.11023         0
[ctrl::TrapezoidalTrajectoryVi3D::TrapezoidalTrajectoryVi3D] t_d: 0.0971038   0.11023         0
[ctrl::TrapezoidalTrajectoryVi3D::TrapezoidalTrajectoryVi3D] T: 4
[ctrl::TrajectoryManager::CreateTrajectoriesFromPath] Added all new trajs

[ctrl::Trajectory3D::IsFeasible] h: 0.12 0.09    0. v0: 0 0 0. T: 4
[ctrl::TrapezoidalTrajectoryVi3D::TrapezoidalTrajectoryVi3D] v_cruise: 0.030464 0.022759        0
[ctrl::TrapezoidalTrajectoryVi3D::TrapezoidalTrajectoryVi3D] t_a: 0.0609281  0.045518         0
[ctrl::TrapezoidalTrajectoryVi3D::TrapezoidalTrajectoryVi3D] t_d: 0.0609281  0.045518         0
[ctrl::TrapezoidalTrajectoryVi3D::TrapezoidalTrajectoryVi3D] T: 4
[ctrl::TrajectoryManager::MergeNewTrajectoryAtT] Merged Trajectory: 
[ctrl::TrapezoidalTrajectory3D::Print] Trajectory Info. Pose: 0 0 0 -> 0.12 0.09    0. Time: 0.700658 -> 4.70066. v0: 0 0 0

[ctrl::TrapezoidalTrajectory3D::Print] Trajectory Info. Pose: -1.18735 -0.92235        0 -> -0.995317 -0.866451         0. Time: 4.00029 -> 8.00029. v0: 0 0 0

[ctrl::TrapezoidalTrajectory3D::Print] Trajectory Info. Pose: -0.995317 -0.866451         0 -> -0.533141 -0.485207         0. Time: 8.00029 -> 12.0003. v0: 0 0 0

[ctrl::TrapezoidalTrajectory3D::Print] Trajectory Info. Pose: -0.533141 -0.485207         0 -> -0.175174 -0.310914         0. Time: 12.0003 -> 16.0003. v0: 0 0 0

[ctrl::TrapezoidalTrajectory3D::Print] Trajectory Info. Pose: -0.175174 -0.310914         0 -> 0 0 0. Time: 16.0003 -> 20.0003. v0: 0 0 0

[ctrl::TrapezoidalTrajectory3D::Print] Trajectory Info. Pose: 0 0 0 -> 0.12 0.09    0. Time: 0.700658 -> 4.70066. v0: 0 0 0

[rob::RobotManager::SetPath] Finish creating trajectories. t_finish_s: 48.7007

[DribblingDemo] ✅ Set dribbling trajectory with 13 waypoints
[DribblingDemo] Dribbling to target... Robot at (0.174876, 0.130853), Distance to target: 2.28159m
[DEBUG] Robot at (0.273406, 0.230485), Ball at (0.0102412, 0.0102412), Distance: 0.343166m
[rob::RobotManager::SenseLogic] Pose (est): 0.307976 0.221726        0
[DribblingDemo] Dribbling to target... Robot at (0.406658, 0.289101), Distance to target: 2.00125m
[DEBUG] Robot at (0.50671, 0.389771), Ball at (0.0102412, 0.0102412), Distance: 0.62492m
[DribblingDemo] Ball: pos(-0.0397588, -0.0397588), speed=0 m/s, attached=NO
[rob::RobotManager::SenseLogic] Pose (est): 0.604016 0.423845        0
[DribblingDemo] Dribbling to target... Robot at (0.636127, 0.445769), Distance to target: 1.72382m
[DEBUG] Robot at (0.736519, 0.546671), Ball at (0.0102412, 0.0102412), Distance: 0.902905m
[est::StateEstimator::NewMotorsData] dt <= 0. Some serious problem!
[ctrl::TrapezoidalTrajectory3D::Print] Trajectory Info. Pose: -1.18735 -0.92235        0 -> -0.995317 -0.866451         0. Time: 4.00029 -> 8.00029. v0: 0 0 0

[DribblingDemo] Dribbling to target... Robot at (0.812118, 0.57729), Distance to target: 1.50415m
[DEBUG] Robot at (0.914107, 0.679279), Ball at (0.0102412, 0.0102412), Distance: 1.12454m
[DribblingDemo] Ball: pos(-0.0397588, -0.0397588), speed=0 m/s, attached=NO
[rob::RobotManager::SenseLogic] Pose (est): 0.815771 0.578767        0
[DribblingDemo] Dribbling to target... Robot at (0.859579, 0.591293), Distance to target: 1.45819m
[DEBUG] Robot at (0.96098, 0.693122), Ball at (0.0102412, 0.0102412), Distance: 1.17057m
[rob::RobotManager::SenseLogic] Pose (est): 0.877783 0.596499        0
[DribblingDemo] Dribbling to target... Robot at (0.909283, 0.605506), Distance to target: 1.4106m
[DEBUG] Robot at (1.01059, 0.707308), Ball at (0.0102412, 0.0102412), Distance: 1.21926m
[DribblingDemo] Ball: pos(-0.0397588, -0.0397588), speed=0 m/s, attached=NO
[rob::RobotManager::SenseLogic] Pose (est): 0.939809 0.614235        0
[DribblingDemo] Dribbling to target... Robot at (0.9585, 0.619579), Distance to target: 1.36377m
[DEBUG] Robot at (1.05993, 0.721415), Ball at (0.0102412, 0.0102412), Distance: 1.26791m
[rob::RobotManager::SenseLogic] Pose (est):  1.00181 0.631963        0
[ctrl::TrapezoidalTrajectory3D::Print] Trajectory Info. Pose: -0.995317 -0.866451         0 -> -0.533141 -0.485207         0. Time: 8.00029 -> 12.0003. v0: 0 0 0

[DribblingDemo] Dribbling to target... Robot at (1.00439, 0.633364), Distance to target: 1.31996m
[DEBUG] Robot at (1.10627, 0.735243), Ball at (0.0102412, 0.0102412), Distance: 1.31412m
[DribblingDemo] Ball: pos(-0.0397588, -0.0397588), speed=0 m/s, attached=NO
[DribblingDemo] Dribbling to target... Robot at (1.11742, 0.727719), Distance to target: 1.17276m
[DEBUG] Robot at (1.21792, 0.828495), Ball at (0.0102412, 0.0102412), Distance: 1.45878m
[rob::RobotManager::SenseLogic] Pose (est):  1.13096 0.738755        0
[est::StateEstimator::NewMotorsData] dt <= 0. Some serious problem!
[DribblingDemo] Dribbling to target... Robot at (1.24054, 0.82806), Distance to target: 1.01404m
[DEBUG] Robot at (1.3412, 0.928965), Ball at (0.0102412, 0.0102412), Distance: 1.61725m
[DribblingDemo] Ball: pos(-0.0397588, -0.0397588), speed=0 m/s, attached=NO
[rob::RobotManager::SenseLogic] Pose (est):   1.2861 0.865187        0
[DribblingDemo] Dribbling to target... Robot at (1.36489, 0.929407), Distance to target: 0.853778m
[DEBUG] Robot at (1.46567, 1.03041), Ball at (0.0102412, 0.0102412), Distance: 1.77736m
[rob::RobotManager::SenseLogic] Pose (est):  1.44016 0.990748        0
[ctrl::TrapezoidalTrajectory3D::Print] Trajectory Info. Pose: -0.533141 -0.485207         0 -> -0.175174 -0.310914         0. Time: 12.0003 -> 16.0003. v0: 0 0 0

[DribblingDemo] Ball: pos(-0.0397588, -0.0397588), speed=0 m/s, attached=NO
[DribblingDemo] Dribbling to target... Robot at (1.46715, 1.01521), Distance to target: 0.720387m
[DEBUG] Robot at (1.56876, 1.11682), Ball at (0.0102412, 0.0102412), Distance: 1.91142m
[rob::RobotManager::SenseLogic] Pose (est): 1.54408 1.05337       0
[DribblingDemo] Dribbling to target... Robot at (1.55817, 1.06006), Distance to target: 0.62351m
[DEBUG] Robot at (1.65883, 1.16142), Ball at (0.0102412, 0.0102412), Distance: 2.01073m
[DribblingDemo] Simulation window closed
[DribblingDemo] Demo finished!
